<?xml version="1.0" encoding="UTF-8"?>
<coverage generated="1639331575024" clover="3.2.0">
  <project timestamp="1639331575024" name="All files">
    <metrics statements="10" coveredstatements="10" conditionals="4" coveredconditionals="4" methods="2" coveredmethods="2" elements="16" coveredelements="16" complexity="0" loc="10" ncloc="10" packages="1" files="1" classes="1"/>
    <file name="memo.js" path="/Users/gabrieldewraj/development/coding-interviews/javascript/practice/memo.js">
      <metrics statements="10" coveredstatements="10" conditionals="4" coveredconditionals="4" methods="2" coveredmethods="2"/>
      <line num="3" count="17" type="stmt"/>
      <line num="4" count="100068" type="cond" truecount="2" falsecount="0"/>
      <line num="5" count="14" type="stmt"/>
      <line num="8" count="3" type="stmt"/>
      <line num="12" count="3" type="stmt"/>
      <line num="13" count="3" type="stmt"/>
      <line num="14" count="17" type="stmt"/>
      <line num="15" count="17" type="cond" truecount="2" falsecount="0"/>
      <line num="16" count="3" type="stmt"/>
      <line num="24" count="1" type="stmt"/>
    </file>
  </project>
</coverage>
