{"/Users/gabrieldewraj/development/coding-interviews/javascript/interviews/JS-Coding-Interview/functionA.js": {"path":"/Users/gabrieldewraj/development/coding-interviews/javascript/interviews/JS-Coding-Interview/functionA.js","statementMap":{"0":{"start":{"line":11,"column":0},"end":{"line":11,"column":27}}},"fnMap":{"0":{"name":"functionA","decl":{"start":{"line":5,"column":9},"end":{"line":5,"column":18}},"loc":{"start":{"line":5,"column":24},"end":{"line":7,"column":1}},"line":5}},"branchMap":{},"s":{"0":1},"f":{"0":1},"b":{},"_coverageSchema":"1a1c01bbd47fc00a2c39e90264f33305004495a9","hash":"0a879f6f4bb0787d4621e6864c1e7de23153547a"}
}
